<?xml version="1.0" encoding="UTF-8"?>
<!-- Generated by org.testng.reporters.JUnitReportReporter -->
<testsuite hostname="Mohammeds-MacBook-Pro.local" failures="0" tests="1" name="test.AddCustomerTest" time="15.638" errors="0" timestamp="2022-10-22T00:18:09 EDT" skipped="0">
  <testcase classname="test.AddCustomerTest" name="userShouldBeAbleToCreateCustomer" time="15.638"/>
  <system-out/>
</testsuite> <!-- test.AddCustomerTest -->
