<?xml version="1.0" encoding="UTF-8"?>
<!-- Generated by org.testng.reporters.JUnitReportReporter -->
<testsuite hostname="Mohammeds-MacBook-Pro.local" failures="0" tests="1" name="test.AddCustomerTest" time="18.955" errors="0" timestamp="2022-10-20T23:28:42 EDT" skipped="0">
  <testcase classname="test.AddCustomerTest" name="userShouldBeAbleToCreateCustomer" time="18.955"/>
  <system-out/>
</testsuite> <!-- test.AddCustomerTest -->
